<?xml version="1.0" encoding="UTF-8"?>
<testsuite name="PRUEBA AUTOMATION - NICOLAS BOLIVAR LEON" tests="1" skipped="0" failures="1" errors="0" timestamp="2023-07-06T06:54:37" hostname="PE-HO-451" time="9.23">
  <properties/>
  <testcase name="Prueba automatizacion" classname="PRUEBA AUTOMATION - NICOLAS BOLIVAR LEON" time="9.23">
    <failure message="java.time.format.DateTimeParseException: Text ' 06/07/2023' could not be parsed at index 0" type="java.time.format.DateTimeParseException">java.time.format.DateTimeParseException: Text ' 06/07/2023' could not be parsed at index 0
	at java.time.format.DateTimeFormatter.parseResolved0(DateTimeFormatter.java:1949)
	at java.time.format.DateTimeFormatter.parse(DateTimeFormatter.java:1851)
	at java.time.LocalDate.parse(LocalDate.java:400)
	at co.com.prueba.utils.ConvertirStringFormula.sumarDiasFecha(ConvertirStringFormula.java:37)
	at co.com.prueba.taks.CompletarForm.performAs(CompletarForm.java:50)
	at co.com.prueba.taks.CompletarForm$ByteBuddy$QtkINQud.performAs$accessor$bqiLYprx(Unknown Source)
	at sun.reflect.NativeMethodAccessorImpl.invoke0(Native Method)
	at sun.reflect.NativeMethodAccessorImpl.invoke(NativeMethodAccessorImpl.java:62)
	at sun.reflect.DelegatingMethodAccessorImpl.invoke(DelegatingMethodAccessorImpl.java:43)
	at java.lang.reflect.Method.invoke(Method.java:498)
	at net.thucydides.core.steps.StepInterceptor.invokeMethod(StepInterceptor.java:466)
	at net.thucydides.core.steps.StepInterceptor.executeTestStepMethod(StepInterceptor.java:450)
	at net.thucydides.core.steps.StepInterceptor.runTestStep(StepInterceptor.java:425)
	at net.thucydides.core.steps.StepInterceptor.runOrSkipMethod(StepInterceptor.java:180)
	at net.thucydides.core.steps.StepInterceptor.testStepResult(StepInterceptor.java:167)
	at net.thucydides.core.steps.StepInterceptor.intercept(StepInterceptor.java:74)
	at co.com.prueba.taks.CompletarForm$ByteBuddy$QtkINQud.performAs(Unknown Source)
	at net.serenitybdd.screenplay.Actor.performTask(Actor.java:233)
	at net.serenitybdd.screenplay.Actor.perform(Actor.java:214)
	at net.serenitybdd.screenplay.Actor.attemptsTo(Actor.java:171)
	at co.com.prueba.stepDefinitions.CompletarFormulario.elUsuarioIngresaEnElApartadoTestYCompletaElFormularioVeces(CompletarFormulario.java:52)
	at ✽.el usuario ingresa en el apartado test y completa el formulario 10 veces(src/test/resources/features/prueba_automation.feature:6)
</failure>
  </testcase>
  <system-out><![CDATA[Inicia el proceso de grabacion
 06/07/2023FECHA INICIALLLLLLL
Finaliza el proceso de grabacion
]]></system-out>
  <system-err><![CDATA[jul 06, 2023 1:54:38 AM org.openqa.selenium.remote.DesiredCapabilities chrome
INFORMACIÓN: Using `new ChromeOptions()` is preferred to `DesiredCapabilities.chrome()`
[Test worker] INFO net.serenitybdd.core.webdriver.driverproviders.ProvideNewDriver - Instantiating driver
[Test worker] INFO net.serenitybdd.core.webdriver.driverproviders.ProvideNewDriver - Driver capabilities: Capabilities {acceptInsecureCerts: false, browserName: chrome, chrome.switches: --incognito,--enable-automa..., goog:chromeOptions: {args: [--incognito, --enable-automation, --no-sandbox, --disable-gpu-sandbox], extensions: [], prefs: {safebrowsing.enabled: false}}, loggingPrefs: org.openqa.selenium.logging..., platform: ANY, version: }
Starting ChromeDriver 114.0.5735.90 (386bc09e8f4f2e025eddae123f36f6263096ae49-refs/branch-heads/5735@{#1052}) on port 46836
Only local connections are allowed.
Please see https://chromedriver.chromium.org/security-considerations for suggestions on keeping ChromeDriver safe.
ChromeDriver was started successfully.
jul 06, 2023 1:54:40 AM org.openqa.selenium.remote.ProtocolHandshake createSession
INFORMACIÓN: Detected dialect: W3C
[Test worker] ERROR net.thucydides.core.steps.ConsoleLoggingListener - 
           __  _____ _____ ____ _____   _____ _    ___ _     _____ ____  
  _       / / |_   _| ____/ ___|_   _| |  ___/ \  |_ _| |   | ____|  _ \ 
 (_)_____| |    | | |  _| \___ \ | |   | |_ / _ \  | || |   |  _| | | | |
  _|_____| |    | | | |___ ___) || |   |  _/ ___ \ | || |___| |___| |_| |
 (_)     | |    |_| |_____|____/ |_|   |_|/_/   \_\___|_____|_____|____/ 
          \_\                                                            

TEST FAILED WITH ERROR: Prueba automatizacion
---------------------------------------------------------------------
[Test worker] ERROR net.thucydides.core.steps.ConsoleLoggingListener - TEST FAILED AT STEP Global completar form
[Test worker] ERROR net.thucydides.core.steps.ConsoleLoggingListener - 
]]></system-err>
</testsuite>
